@!@!@STARTMSG 2262:0 @!@!@
TLC2 Version 2.20 of Day Month 20?? (rev: bacd9d2)
@!@!@ENDMSG 2262 @!@!@
@!@!@STARTMSG 2187:0 @!@!@
Running breadth-first search Model-Checking with fp 99 and seed -1670189658807621521 with 1 worker on 8 cores with 3612MB heap and 64MB offheap memory [pid: 20932] (Windows 10 10.0 amd64, Oracle Corporation 15.0.2 x86_64, MSBDiskFPSet, DiskStateQueue).
@!@!@ENDMSG 2187 @!@!@
@!@!@STARTMSG 2220:0 @!@!@
Starting SANY...
@!@!@ENDMSG 2220 @!@!@
Parsing file C:\Users\arman\Desktop\vu\semm\repo\se-models-and-methods\Lect2\Choose_1_Elems_Ch.tla (file:/c:/Users/arman/Desktop/vu/semm/repo/se-models-and-methods/Lect2/Choose_1_Elems_Ch.tla)
Parsing file C:\Users\arman\AppData\Local\Temp\tlc-5131312092890507229\Naturals.tla (jar:file:/C:/Users/arman/.vscode/extensions/tlaplus.vscode-ide-2025.2.280126/tools/tla2tools.jar!/tla2sany/StandardModules/Naturals.tla)
Parsing file C:\Users\arman\AppData\Local\Temp\tlc-5131312092890507229\Sequences.tla (jar:file:/C:/Users/arman/.vscode/extensions/tlaplus.vscode-ide-2025.2.280126/tools/tla2tools.jar!/tla2sany/StandardModules/Sequences.tla)
Semantic processing of module Naturals
Semantic processing of module Sequences
Semantic processing of module Choose_1_Elems_Ch
@!@!@STARTMSG 2219:0 @!@!@
SANY finished.
@!@!@ENDMSG 2219 @!@!@
@!@!@STARTMSG 2185:0 @!@!@
Starting... (2025-03-04 20:34:25)
@!@!@ENDMSG 2185 @!@!@
@!@!@STARTMSG 2140:3 @!@!@
The subscript of the next-state relation specified by the specification
does not seem to contain the state variable e
@!@!@ENDMSG 2140 @!@!@
@!@!@STARTMSG 2189:0 @!@!@
Computing initial states...
@!@!@ENDMSG 2189 @!@!@
@!@!@STARTMSG 2190:0 @!@!@
Finished computing initial states: 1 distinct state generated at 2025-03-04 20:34:25.
@!@!@ENDMSG 2190 @!@!@
@!@!@STARTMSG 2193:0 @!@!@
Model checking completed. No error has been found.
  Estimates of the probability that TLC did not check all reachable states
  because two distinct states had the same fingerprint:
  calculated (optimistic):  val = 6.0E-19
@!@!@ENDMSG 2193 @!@!@
@!@!@STARTMSG 2201:0 @!@!@
The coverage statistics at 2025-03-04 20:34:25
@!@!@ENDMSG 2201 @!@!@
@!@!@STARTMSG 2773:0 @!@!@
<Init line 6, col 1 to line 6, col 4 of module Choose_1_Elems_Ch>: 1:1
@!@!@ENDMSG 2773 @!@!@
@!@!@STARTMSG 2221:0 @!@!@
  line 6, col 9 to line 6, col 25 of module Choose_1_Elems_Ch: 1
@!@!@ENDMSG 2221 @!@!@
@!@!@STARTMSG 2772:0 @!@!@
<Next line 7, col 1 to line 7, col 4 of module Choose_1_Elems_Ch (9 9 9 42)>: 10:11
@!@!@ENDMSG 2772 @!@!@
@!@!@STARTMSG 2221:0 @!@!@
  line 9, col 12 to line 9, col 21 of module Choose_1_Elems_Ch: 11
@!@!@ENDMSG 2221 @!@!@
@!@!@STARTMSG 2221:0 @!@!@
  |line 9, col 17 to line 9, col 21 of module Choose_1_Elems_Ch: 11
@!@!@ENDMSG 2221 @!@!@
@!@!@STARTMSG 2221:0 @!@!@
  ||line 9, col 17 to line 9, col 17 of module Choose_1_Elems_Ch: 11
@!@!@ENDMSG 2221 @!@!@
@!@!@STARTMSG 2221:0 @!@!@
  ||line 9, col 21 to line 9, col 21 of module Choose_1_Elems_Ch: 11
@!@!@ENDMSG 2221 @!@!@
@!@!@STARTMSG 2221:0 @!@!@
  |||line 8, col 14 to line 8, col 37 of module Choose_1_Elems_Ch: 11
@!@!@ENDMSG 2221 @!@!@
@!@!@STARTMSG 2221:0 @!@!@
  ||||line 8, col 33 to line 8, col 37 of module Choose_1_Elems_Ch: 22
@!@!@ENDMSG 2221 @!@!@
@!@!@STARTMSG 2221:0 @!@!@
  ||||line 8, col 27 to line 8, col 29 of module Choose_1_Elems_Ch: 11
@!@!@ENDMSG 2221 @!@!@
@!@!@STARTMSG 2221:0 @!@!@
  line 9, col 26 to line 9, col 42 of module Choose_1_Elems_Ch: 11
@!@!@ENDMSG 2221 @!@!@
@!@!@STARTMSG 2221:0 @!@!@
  |line 9, col 31 to line 9, col 42 of module Choose_1_Elems_Ch: 11
@!@!@ENDMSG 2221 @!@!@
@!@!@STARTMSG 2221:0 @!@!@
  ||line 9, col 38 to line 9, col 38 of module Choose_1_Elems_Ch: 11
@!@!@ENDMSG 2221 @!@!@
@!@!@STARTMSG 2221:0 @!@!@
  ||line 9, col 41 to line 9, col 41 of module Choose_1_Elems_Ch: 11
@!@!@ENDMSG 2221 @!@!@
@!@!@STARTMSG 2221:0 @!@!@
  |||line 8, col 14 to line 8, col 37 of module Choose_1_Elems_Ch: 11
@!@!@ENDMSG 2221 @!@!@
@!@!@STARTMSG 2221:0 @!@!@
  ||||line 8, col 33 to line 8, col 37 of module Choose_1_Elems_Ch: 22
@!@!@ENDMSG 2221 @!@!@
@!@!@STARTMSG 2221:0 @!@!@
  ||||line 8, col 27 to line 8, col 29 of module Choose_1_Elems_Ch: 11
@!@!@ENDMSG 2221 @!@!@
@!@!@STARTMSG 2778:0 @!@!@
<TypeOK line 14, col 1 to line 14, col 6 of module Choose_1_Elems_Ch>: 11:12
@!@!@ENDMSG 2778 @!@!@
@!@!@STARTMSG 2221:0 @!@!@
  line 14, col 11 to line 14, col 19 of module Choose_1_Elems_Ch: 12
@!@!@ENDMSG 2221 @!@!@
@!@!@STARTMSG 2202:0 @!@!@
End of statistics.
@!@!@ENDMSG 2202 @!@!@
@!@!@STARTMSG 2200:0 @!@!@
Progress(11) at 2025-03-04 20:34:25: 12 states generated (779 s/min), 11 distinct states found (714 ds/min), 0 states left on queue.
@!@!@ENDMSG 2200 @!@!@
@!@!@STARTMSG 2199:0 @!@!@
12 states generated, 11 distinct states found, 0 states left on queue.
@!@!@ENDMSG 2199 @!@!@
@!@!@STARTMSG 2194:0 @!@!@
The depth of the complete state graph search is 11.
@!@!@ENDMSG 2194 @!@!@
@!@!@STARTMSG 2268:0 @!@!@
The average outdegree of the complete state graph is 1 (minimum is 0, the maximum 1 and the 95th percentile is 1).
@!@!@ENDMSG 2268 @!@!@
@!@!@STARTMSG 2186:0 @!@!@
Finished in 931ms at (2025-03-04 20:34:25)
@!@!@ENDMSG 2186 @!@!@
